<?xml version="1.0" encoding="UTF-8"?>
<!-- Generated by org.testng.reporters.JUnitReportReporter -->
<testsuite hostname="ArunMotoori" failures="0" tests="4" name="tests.Register" time="17.140" errors="0" timestamp="2024-11-02T15:30:12 IST" skipped="1">
  <testcase classname="tests.Register" name="verifyRegistingAccountUsingMandtoryFields" time="5.391"/>
  <testcase classname="tests.Register" name="verifyRegisteringAccountUsingAllFields" time="5.267"/>
  <testcase classname="tests.Register" name="verifyRegisterationBySayingYesToNewsletter" time="6.482"/>
  <testcase classname="tests.Register" name="verifyRegisterationBySayingNoToNewsletter">
    <skipped/>
  </testcase> <!-- verifyRegisterationBySayingNoToNewsletter -->
</testsuite> <!-- tests.Register -->
