<?xml version="1.0" encoding="UTF-8"?>
<!-- Generated by org.testng.reporters.JUnitReportReporter -->
<testsuite hostname="ArunMotoori" failures="0" tests="7" name="tests.Login" time="31.318" errors="0" timestamp="2024-11-02T15:30:12 IST" skipped="0">
  <testcase classname="tests.Login" name="verifyLoginUsingValidCredentials" time="4.961"/>
  <testcase classname="tests.Login" name="verifyLoginUsingValidCredentials" time="4.116"/>
  <testcase classname="tests.Login" name="verifyLoginUsingValidCredentials" time="5.097"/>
  <testcase classname="tests.Login" name="verifyLoginUsingInvalidCredentials" time="4.003"/>
  <testcase classname="tests.Login" name="verifyLoginUsingInvalidEmailAndValidPassword" time="4.124"/>
  <testcase classname="tests.Login" name="verifyLoginUsingValidEmailAndInvalidPassword" time="4.079"/>
  <testcase classname="tests.Login" name="verifyLoginWithoutCredentials" time="4.938"/>
</testsuite> <!-- tests.Login -->
