<?xml version="1.0" encoding="UTF-8"?>
<!-- Generated by org.testng.reporters.JUnitReportReporter -->
<testsuite hostname="ArunMotoori" failures="0" tests="4" name="tests.RegisterTest" time="25.757" errors="0" timestamp="2024-11-03T12:39:21 IST" skipped="1">
  <testcase classname="tests.RegisterTest" name="verifyRegistingAccountUsingMandtoryFields" time="8.726"/>
  <testcase classname="tests.RegisterTest" name="verifyRegisteringAccountUsingAllFields" time="8.670"/>
  <testcase classname="tests.RegisterTest" name="verifyRegisterationBySayingYesToNewsletter" time="8.361"/>
  <testcase classname="tests.RegisterTest" name="verifyRegisterationBySayingNoToNewsletter">
    <skipped/>
  </testcase> <!-- verifyRegisterationBySayingNoToNewsletter -->
</testsuite> <!-- tests.RegisterTest -->
